INFO 2022-05-04 18:35:54 FaceAlignModelLoader.py: 29] Successfully loaded the face landmark model!
INFO 2022-05-04 18:35:54 FaceParsingModelLoader.py: 11] Start to analyze the face parsing model, model path: models, model category: face_parsing，model name: face_parsing_1.0
INFO 2022-05-04 18:35:54 BaseModelLoader.py: 34] Successfully parsed the model configuration file meta.json!
INFO 2022-05-04 18:35:56 FaceParsingModelLoader.py: 27] Successfully loaded the face parsing model!
INFO 2022-05-04 18:51:56 FaceDetModelLoader.py: 16] Start to analyze the face detection model, model path: models, model category: face_detection，model name: face_detection_1.0
INFO 2022-05-04 18:51:56 BaseModelLoader.py: 34] Successfully parsed the model configuration file meta.json!
INFO 2022-05-04 18:51:56 FaceDetModelLoader.py: 34] Successfully loaded the face detection model!
INFO 2022-05-04 18:51:56 FaceAlignModelLoader.py: 16] Start to analyze the face landmark model, model path: models, model category: face_alignment，model name: face_alignment_1.0
INFO 2022-05-04 18:51:56 BaseModelLoader.py: 34] Successfully parsed the model configuration file meta.json!
INFO 2022-05-04 18:52:07 FaceAlignModelLoader.py: 29] Successfully loaded the face landmark model!
INFO 2022-05-04 18:52:07 FaceParsingModelLoader.py: 11] Start to analyze the face parsing model, model path: models, model category: face_parsing，model name: face_parsing_1.0
INFO 2022-05-04 18:52:07 BaseModelLoader.py: 34] Successfully parsed the model configuration file meta.json!
INFO 2022-05-04 18:52:09 FaceParsingModelLoader.py: 27] Successfully loaded the face parsing model!
INFO 2022-05-04 18:52:43 FaceDetModelLoader.py: 16] Start to analyze the face detection model, model path: models, model category: face_detection，model name: face_detection_1.0
INFO 2022-05-04 18:52:43 BaseModelLoader.py: 34] Successfully parsed the model configuration file meta.json!
INFO 2022-05-04 18:52:43 FaceDetModelLoader.py: 34] Successfully loaded the face detection model!
INFO 2022-05-04 18:52:43 FaceAlignModelLoader.py: 16] Start to analyze the face landmark model, model path: models, model category: face_alignment，model name: face_alignment_1.0
INFO 2022-05-04 18:52:43 BaseModelLoader.py: 34] Successfully parsed the model configuration file meta.json!
INFO 2022-05-04 18:52:57 FaceAlignModelLoader.py: 29] Successfully loaded the face landmark model!
INFO 2022-05-04 18:52:57 FaceParsingModelLoader.py: 11] Start to analyze the face parsing model, model path: models, model category: face_parsing，model name: face_parsing_1.0
INFO 2022-05-04 18:52:57 BaseModelLoader.py: 34] Successfully parsed the model configuration file meta.json!
INFO 2022-05-04 18:52:58 FaceParsingModelLoader.py: 27] Successfully loaded the face parsing model!
INFO 2022-05-04 21:47:54 FaceDetModelLoader.py: 16] Start to analyze the face detection model, model path: models, model category: face_detection，model name: face_detection_1.0
INFO 2022-05-04 21:47:54 BaseModelLoader.py: 34] Successfully parsed the model configuration file meta.json!
INFO 2022-05-04 21:47:54 FaceDetModelLoader.py: 34] Successfully loaded the face detection model!
INFO 2022-05-04 21:47:54 FaceAlignModelLoader.py: 16] Start to analyze the face landmark model, model path: models, model category: face_alignment，model name: face_alignment_1.0
INFO 2022-05-04 21:47:54 BaseModelLoader.py: 34] Successfully parsed the model configuration file meta.json!
INFO 2022-05-04 21:47:57 FaceAlignModelLoader.py: 29] Successfully loaded the face landmark model!
INFO 2022-05-04 21:47:57 FaceParsingModelLoader.py: 11] Start to analyze the face parsing model, model path: models, model category: face_parsing，model name: face_parsing_1.0
INFO 2022-05-04 21:47:57 BaseModelLoader.py: 34] Successfully parsed the model configuration file meta.json!
INFO 2022-05-04 21:47:59 FaceParsingModelLoader.py: 27] Successfully loaded the face parsing model!
INFO 2022-05-04 21:48:58 FaceDetModelLoader.py: 16] Start to analyze the face detection model, model path: models, model category: face_detection，model name: face_detection_1.0
INFO 2022-05-04 21:48:58 BaseModelLoader.py: 34] Successfully parsed the model configuration file meta.json!
INFO 2022-05-04 21:48:58 FaceDetModelLoader.py: 34] Successfully loaded the face detection model!
INFO 2022-05-04 21:48:58 FaceAlignModelLoader.py: 16] Start to analyze the face landmark model, model path: models, model category: face_alignment，model name: face_alignment_1.0
INFO 2022-05-04 21:48:58 BaseModelLoader.py: 34] Successfully parsed the model configuration file meta.json!
INFO 2022-05-04 21:49:01 FaceAlignModelLoader.py: 29] Successfully loaded the face landmark model!
INFO 2022-05-04 21:49:01 FaceParsingModelLoader.py: 11] Start to analyze the face parsing model, model path: models, model category: face_parsing，model name: face_parsing_1.0
INFO 2022-05-04 21:49:01 BaseModelLoader.py: 34] Successfully parsed the model configuration file meta.json!
INFO 2022-05-04 21:49:03 FaceParsingModelLoader.py: 27] Successfully loaded the face parsing model!
INFO 2022-05-04 21:54:45 FaceDetModelLoader.py: 16] Start to analyze the face detection model, model path: models, model category: face_detection，model name: face_detection_1.0
INFO 2022-05-04 21:54:45 BaseModelLoader.py: 34] Successfully parsed the model configuration file meta.json!
INFO 2022-05-04 21:54:46 FaceDetModelLoader.py: 34] Successfully loaded the face detection model!
INFO 2022-05-04 21:54:46 FaceAlignModelLoader.py: 16] Start to analyze the face landmark model, model path: models, model category: face_alignment，model name: face_alignment_1.0
INFO 2022-05-04 21:54:46 BaseModelLoader.py: 34] Successfully parsed the model configuration file meta.json!
INFO 2022-05-04 21:54:49 FaceAlignModelLoader.py: 29] Successfully loaded the face landmark model!
INFO 2022-05-04 21:54:49 FaceParsingModelLoader.py: 11] Start to analyze the face parsing model, model path: models, model category: face_parsing，model name: face_parsing_1.0
INFO 2022-05-04 21:54:49 BaseModelLoader.py: 34] Successfully parsed the model configuration file meta.json!
INFO 2022-05-04 21:54:51 FaceParsingModelLoader.py: 27] Successfully loaded the face parsing model!
INFO 2022-05-06 09:38:29 FaceDetModelLoader.py: 16] Start to analyze the face detection model, model path: models, model category: face_detection，model name: face_detection_1.0
INFO 2022-05-06 09:38:29 BaseModelLoader.py: 34] Successfully parsed the model configuration file meta.json!
INFO 2022-05-06 09:38:29 FaceDetModelLoader.py: 34] Successfully loaded the face detection model!
INFO 2022-05-06 09:38:29 FaceAlignModelLoader.py: 16] Start to analyze the face landmark model, model path: models, model category: face_alignment，model name: face_alignment_1.0
INFO 2022-05-06 09:38:29 BaseModelLoader.py: 34] Successfully parsed the model configuration file meta.json!
INFO 2022-05-06 09:38:35 FaceAlignModelLoader.py: 29] Successfully loaded the face landmark model!
INFO 2022-05-06 09:38:35 FaceParsingModelLoader.py: 11] Start to analyze the face parsing model, model path: models, model category: face_parsing，model name: face_parsing_1.0
INFO 2022-05-06 09:38:35 BaseModelLoader.py: 34] Successfully parsed the model configuration file meta.json!
INFO 2022-05-06 09:38:37 FaceParsingModelLoader.py: 27] Successfully loaded the face parsing model!
